<?xml version="1.0" encoding="UTF-8"?>
<!-- Generated by org.testng.reporters.JUnitXMLReporter -->
<testsuite ignored="0" hostname="SAHIL" failures="1" tests="1" name="Test" time="0.059" errors="0" timestamp="2025-02-03T12:37:58 IST">
  <testcase classname="cc.task1" name="add" time="0.0">
    <failure type="org.testng.TestNGException" message="
Method add requires 2 parameters but 1 were supplied in the @Test annotation.">
      <![CDATA[org.testng.TestNGException: 
Method add requires 2 parameters but 1 were supplied in the @Test annotation.
at java.base/java.util.ArrayList.forEach(ArrayList.java:1597)
... Removed 26 stack frames]]>
    </failure>
  </testcase> <!-- add -->
</testsuite> <!-- Test -->
